TN:
SF:knexfile.js
FN:19,(anonymous_0)
FNF:1
FNH:1
FNDA:1,(anonymous_0)
DA:7,1
DA:20,1
DA:25,1
LF:3
LH:3
BRF:0
BRH:0
end_of_record
TN:
SF:api/server.js
FN:12,(anonymous_0)
FN:20,(anonymous_1)
FNF:2
FNH:1
FNDA:1,(anonymous_0)
FNDA:0,(anonymous_1)
DA:1,1
DA:2,1
DA:4,1
DA:5,1
DA:7,1
DA:9,1
DA:10,1
DA:12,1
DA:13,1
DA:14,1
DA:16,0
DA:20,1
DA:21,0
DA:24,1
LF:14
LH:12
BRDA:21,0,0,0
BRDA:21,0,1,0
BRF:2
BRH:0
end_of_record
TN:
SF:api/gorevler/gorev-middleware.js
FN:3,gorevIdKontrol
FN:16,gorevPayloadKontrol
FNF:2
FNH:2
FNDA:5,gorevIdKontrol
FNDA:4,gorevPayloadKontrol
DA:1,1
DA:4,5
DA:5,5
DA:6,5
DA:7,4
DA:9,1
DA:12,0
DA:17,4
DA:18,4
DA:19,4
DA:20,2
DA:22,2
DA:25,0
DA:29,1
LF:14
LH:12
BRDA:6,0,0,4
BRDA:6,0,1,1
BRDA:19,1,0,2
BRDA:19,1,1,2
BRDA:19,2,0,4
BRDA:19,2,1,4
BRF:6
BRH:6
end_of_record
TN:
SF:api/gorevler/gorev-model.js
FN:3,getAll
FN:7,getById
FN:11,create
FN:17,update
FN:23,remove
FNF:5
FNH:5
FNDA:1,getAll
FNDA:9,getById
FNDA:1,create
FNDA:1,update
FNDA:1,remove
DA:1,1
DA:4,1
DA:8,9
DA:12,1
DA:13,1
DA:14,1
DA:18,1
DA:19,1
DA:20,1
DA:24,1
DA:25,1
DA:26,1
DA:29,1
LF:13
LH:13
BRF:0
BRH:0
end_of_record
TN:
SF:api/gorevler/gorev-router.js
FN:5,(anonymous_0)
FN:14,(anonymous_1)
FN:23,(anonymous_2)
FN:32,(anonymous_3)
FN:41,(anonymous_4)
FNF:5
FNH:5
FNDA:1,(anonymous_0)
FNDA:1,(anonymous_1)
FNDA:1,(anonymous_2)
FNDA:1,(anonymous_3)
FNDA:1,(anonymous_4)
DA:1,1
DA:2,1
DA:3,1
DA:5,1
DA:6,1
DA:7,1
DA:8,1
DA:10,0
DA:14,1
DA:15,1
DA:16,1
DA:17,1
DA:19,0
DA:23,1
DA:24,1
DA:25,1
DA:26,1
DA:28,0
DA:32,1
DA:33,1
DA:34,1
DA:35,1
DA:37,0
DA:41,1
DA:42,1
DA:43,1
DA:44,1
DA:46,0
DA:50,1
LF:29
LH:24
BRF:0
BRH:0
end_of_record
TN:
SF:api/tasklar/task-middleware.js
FN:3,taskIdKontrol
FN:16,taskPayloadKontrol
FNF:2
FNH:2
FNDA:5,taskIdKontrol
FNDA:4,taskPayloadKontrol
DA:1,1
DA:4,5
DA:5,5
DA:6,5
DA:7,4
DA:9,1
DA:12,0
DA:17,4
DA:18,4
DA:19,4
DA:20,2
DA:22,2
DA:25,0
DA:29,1
LF:14
LH:12
BRDA:6,0,0,4
BRDA:6,0,1,1
BRDA:19,1,0,2
BRDA:19,1,1,2
BRDA:19,2,0,4
BRDA:19,2,1,4
BRDA:19,2,2,2
BRF:7
BRH:7
end_of_record
TN:
SF:api/tasklar/task-model.js
FN:3,getAll
FN:7,getById
FN:11,create
FN:17,update
FN:23,remove
FNF:5
FNH:5
FNDA:1,getAll
FNDA:9,getById
FNDA:1,create
FNDA:1,update
FNDA:1,remove
DA:1,1
DA:4,1
DA:8,9
DA:12,1
DA:13,1
DA:14,1
DA:18,1
DA:19,1
DA:20,1
DA:24,1
DA:25,1
DA:26,1
DA:29,1
LF:13
LH:13
BRF:0
BRH:0
end_of_record
TN:
SF:api/tasklar/task-router.js
FN:5,(anonymous_0)
FN:14,(anonymous_1)
FN:23,(anonymous_2)
FN:32,(anonymous_3)
FN:41,(anonymous_4)
FNF:5
FNH:5
FNDA:1,(anonymous_0)
FNDA:1,(anonymous_1)
FNDA:1,(anonymous_2)
FNDA:1,(anonymous_3)
FNDA:1,(anonymous_4)
DA:1,1
DA:2,1
DA:3,1
DA:5,1
DA:6,1
DA:7,1
DA:8,1
DA:10,0
DA:14,1
DA:15,1
DA:16,1
DA:17,1
DA:19,0
DA:23,1
DA:24,1
DA:25,1
DA:26,1
DA:28,0
DA:32,1
DA:33,1
DA:34,1
DA:35,1
DA:37,0
DA:41,1
DA:42,1
DA:43,1
DA:44,1
DA:46,0
DA:50,1
LF:29
LH:24
BRF:0
BRH:0
end_of_record
TN:
SF:data/db-config.js
FNF:0
FNH:0
DA:1,1
DA:2,1
DA:4,1
DA:6,1
LF:4
LH:4
BRDA:4,0,0,1
BRDA:4,0,1,0
BRF:2
BRH:1
end_of_record
TN:
SF:data/migrations/20230409160142_create_todo.js
FN:5,(anonymous_0)
FN:6,(anonymous_1)
FN:11,(anonymous_2)
FN:25,(anonymous_3)
FNF:4
FNH:4
FNDA:1,(anonymous_0)
FNDA:1,(anonymous_1)
FNDA:1,(anonymous_2)
FNDA:1,(anonymous_3)
DA:5,1
DA:6,1
DA:7,1
DA:8,1
DA:9,1
DA:12,1
DA:13,1
DA:14,1
DA:15,1
DA:16,1
DA:18,1
DA:25,1
DA:26,1
LF:13
LH:13
BRF:0
BRH:0
end_of_record
TN:
SF:data/seeds/create_todo.js
FN:52,(anonymous_0)
FNF:1
FNH:1
FNDA:18,(anonymous_0)
DA:6,1
DA:24,1
DA:52,1
DA:54,18
DA:55,18
DA:56,18
DA:57,18
LF:7
LH:7
BRF:0
BRH:0
end_of_record
